2024-07-22 15:45:42,519 ==========
2024-07-22 15:45:42,519 Backdoor Model Training
2024-07-22 15:45:42,519 ==========
2024-07-22 15:45:42,519 clean_data_dir: ../imagenet_mini/imagenet-mini
2024-07-22 15:45:42,519 trojan_data_dirs: ['../01_style/trojan_a', '../01_style/trojan_b', '../01_style/trojan_c', '../01_style/trojan_d']
2024-07-22 15:45:42,519 Number of clean training samples: 34745
2024-07-22 15:45:42,519 Number of clean validation samples: 3923
2024-07-22 15:45:42,519 Number of trojan training samples (4개 클래스): 60
2024-07-22 15:45:42,519 Number of trojan validation samples (4개 클래스): 40
2024-07-22 15:45:42,519 Number of total training samples: 34805
2024-07-22 15:45:42,519 target_classes: [574, 387, 779, 769]
2024-07-22 15:45:42,519 batch_size: 8
2024-07-22 15:45:42,519 initial_lr: 0.001
2024-07-22 15:45:42,520 num_epochs: 30
2024-07-22 15:45:42,520 device: cuda:0
2024-07-22 15:46:45,902 Initial Train Loss: 0.9000 Acc: 0.7672
2024-07-22 15:46:45,903 Initial Test Loss: 1.2981 Acc: 0.6875
2024-07-22 15:46:45,903 Initial Trojan_train Loss: 8.7754 Acc: 0.0000
2024-07-22 15:46:45,903 Initial Trojan_val Loss: 8.4239 Acc: 0.0000
2024-07-22 15:46:45,903 ----------
2024-07-22 15:46:45,903 Epoch 1/30
2024-07-22 15:47:53,028 Train Loss: 4.8562 Acc: 0.1194
2024-07-22 15:48:00,157 Test Loss: 5.6404 Acc: 0.1037
2024-07-22 15:48:00,706 Trojan_train Loss: 2.7710 Acc: 0.4833
2024-07-22 15:48:01,025 Target Label: 574, Top-5 Predictions: [387, 769, 288, 326, 779], Confidences: [0.6599114537239075, 0.21312007308006287, 0.11067210137844086, 0.012539624236524105, 0.003756787395104766]
2024-07-22 15:48:01,026 Target Label: 574, Top-5 Predictions: [387, 769, 574, 779, 326], Confidences: [0.8976408243179321, 0.10115133970975876, 0.0007120836526155472, 0.0004238956025801599, 7.176757208071649e-05]
2024-07-22 15:48:01,026 Target Label: 574, Top-5 Predictions: [387, 769, 779, 574, 326], Confidences: [0.9364166855812073, 0.06279119104146957, 0.0006428404012694955, 0.00012856721878051758, 2.066156957880594e-05]
2024-07-22 15:48:01,026 Target Label: 574, Top-5 Predictions: [387, 769, 779, 288, 326], Confidences: [0.9319663047790527, 0.06689117103815079, 0.000953107257373631, 0.00012972477998118848, 5.965140735497698e-05]
2024-07-22 15:48:01,026 Target Label: 574, Top-5 Predictions: [387, 769, 779, 326, 574], Confidences: [0.9736350774765015, 0.026037193834781647, 0.00020279119780752808, 8.291763515444472e-05, 4.1971070459112525e-05]
2024-07-22 15:48:01,026 Target Label: 574, Top-5 Predictions: [387, 769, 779, 574, 326], Confidences: [0.9796069860458374, 0.02016429789364338, 0.0001842663186835125, 2.6586443709675223e-05, 1.785978201951366e-05]
2024-07-22 15:48:01,026 Target Label: 574, Top-5 Predictions: [387, 769, 574, 779, 326], Confidences: [0.7127135396003723, 0.2786751985549927, 0.004857179243117571, 0.0032436009496450424, 0.0005104363081045449]
2024-07-22 15:48:01,026 Target Label: 574, Top-5 Predictions: [387, 769, 779, 574, 326], Confidences: [0.901974081993103, 0.0921560749411583, 0.005589907988905907, 0.00017791376740206033, 0.00010193117486778647]
2024-07-22 15:48:01,032 Target Label: 574, Top-5 Predictions: [387, 769, 779, 574, 326], Confidences: [0.9561457633972168, 0.0432843416929245, 0.0003848112828563899, 0.0001266117178602144, 5.847778811585158e-05]
2024-07-22 15:48:01,032 Target Label: 574, Top-5 Predictions: [387, 769, 288, 326, 779], Confidences: [0.6686621308326721, 0.3131178021430969, 0.011812198907136917, 0.004442085511982441, 0.0019658291712403297]
2024-07-22 15:48:01,032 Target Label: 387, Top-5 Predictions: [387, 769, 326, 288, 512], Confidences: [0.9980700612068176, 0.0014846910489723086, 0.00022446167713496834, 0.00018614240980241448, 3.460819061729126e-05]
2024-07-22 15:48:01,032 Target Label: 387, Top-5 Predictions: [387, 239, 218, 240, 238], Confidences: [0.948959469795227, 0.028441252186894417, 0.016338132321834564, 0.00380404363386333, 0.00245704036206007]
2024-07-22 15:48:01,032 Target Label: 387, Top-5 Predictions: [387, 769, 812, 779, 517], Confidences: [0.999416708946228, 0.0005471553886309266, 2.041483821813017e-05, 1.0041413588623982e-05, 5.770402367488714e-06]
2024-07-22 15:48:01,032 Target Label: 387, Top-5 Predictions: [387, 769, 288, 512, 383], Confidences: [0.9984968900680542, 0.0014145775930956006, 5.816686461912468e-05, 1.6068375771283172e-05, 1.4236524293664843e-05]
2024-07-22 15:48:01,032 Target Label: 387, Top-5 Predictions: [387, 769, 779, 517, 512], Confidences: [0.9992353916168213, 0.0007089745486155152, 3.308472878416069e-05, 1.1321669262542855e-05, 1.1196108061994892e-05]
2024-07-22 15:48:01,032 Target Label: 387, Top-5 Predictions: [387, 769, 779, 517, 812], Confidences: [0.9992402791976929, 0.0006467673229053617, 7.473992445738986e-05, 3.532841583364643e-05, 2.946212589449715e-06]
2024-07-22 15:48:01,036 Target Label: 387, Top-5 Predictions: [387, 218, 239, 779, 321], Confidences: [0.9995724558830261, 0.00016953653539530933, 0.00016113344463519752, 5.9568683354882523e-05, 3.734149504452944e-05]
2024-07-22 15:48:01,037 Target Label: 387, Top-5 Predictions: [387, 769, 512, 517, 779], Confidences: [0.9949684739112854, 0.004459069110453129, 0.00032108111190609634, 0.00020133540965616703, 5.000949386158027e-05]
2024-07-22 15:48:01,037 Target Label: 387, Top-5 Predictions: [387, 769, 779, 321, 517], Confidences: [0.9989056587219238, 0.0009565749205648899, 0.00011744957737391815, 1.48530134538305e-05, 5.458259238366736e-06]
2024-07-22 15:48:01,037 Target Label: 387, Top-5 Predictions: [387, 218, 239, 321, 769], Confidences: [0.9898650050163269, 0.005376702640205622, 0.0030105956830084324, 0.0009844714077189565, 0.0007632531342096627]
2024-07-22 15:48:01,037 Target Label: 779, Top-5 Predictions: [387, 769, 779, 517, 574], Confidences: [0.9847026467323303, 0.008962074294686317, 0.006247158162295818, 7.899007323430851e-05, 9.106640391109977e-06]
2024-07-22 15:48:01,037 Target Label: 779, Top-5 Predictions: [387, 779, 769, 517, 803], Confidences: [0.9696970582008362, 0.01794535107910633, 0.012245161458849907, 0.00010625598952174187, 6.13426936979522e-06]
2024-07-22 15:48:01,037 Target Label: 779, Top-5 Predictions: [387, 779, 769, 517, 277], Confidences: [0.9930087327957153, 0.005288576241582632, 0.0016881137853488326, 1.2153323041275144e-05, 2.3334021079790546e-06]
2024-07-22 15:48:01,037 Target Label: 779, Top-5 Predictions: [387, 779, 769, 574, 277], Confidences: [0.9900385141372681, 0.005027714651077986, 0.004881678149104118, 2.9796388844260946e-05, 2.2341211661114357e-05]
2024-07-22 15:48:01,042 Target Label: 779, Top-5 Predictions: [387, 779, 769, 517, 574], Confidences: [0.9891484379768372, 0.008926424197852612, 0.0019014336867257953, 1.9726710888789967e-05, 4.015027570858365e-06]
2024-07-22 15:48:01,043 Target Label: 779, Top-5 Predictions: [387, 769, 779, 517, 512], Confidences: [0.9585612416267395, 0.020793411880731583, 0.020514583215117455, 0.00011501153494464234, 1.5724464901722968e-05]
2024-07-22 15:48:01,043 Target Label: 779, Top-5 Predictions: [387, 779, 769, 517, 288], Confidences: [0.9918926954269409, 0.006049340590834618, 0.0020310229156166315, 2.54975075222319e-05, 1.3893612731408211e-06]
2024-07-22 15:48:01,043 Target Label: 779, Top-5 Predictions: [387, 769, 779, 517, 512], Confidences: [0.9755115509033203, 0.01403049472719431, 0.010333104059100151, 0.00010648206080077216, 1.835404873418156e-05]
2024-07-22 15:48:01,043 Target Label: 779, Top-5 Predictions: [387, 779, 769, 517, 288], Confidences: [0.854263424873352, 0.11680244654417038, 0.028343068435788155, 0.0005415686755441129, 4.947648267261684e-05]
2024-07-22 15:48:01,043 Target Label: 779, Top-5 Predictions: [387, 779, 769, 517, 288], Confidences: [0.9736328125, 0.020766057074069977, 0.005520869977772236, 5.114367013447918e-05, 2.9095326681272127e-05]
2024-07-22 15:48:01,043 Target Label: 769, Top-5 Predictions: [769, 288, 387, 761, 517], Confidences: [0.9198138117790222, 0.05404205247759819, 0.025994358584284782, 0.00012145038635935634, 2.824001421686262e-05]
2024-07-22 15:48:01,043 Target Label: 769, Top-5 Predictions: [769, 387, 288, 517, 779], Confidences: [0.9362766146659851, 0.05335168167948723, 0.010291924700140953, 4.487901969696395e-05, 3.4868349757744e-05]
2024-07-22 15:48:01,101 Target Label: 769, Top-5 Predictions: [769, 387, 288, 761, 517], Confidences: [0.8812553286552429, 0.11592807620763779, 0.0027625428047031164, 3.640868089860305e-05, 1.7661364836385474e-05]
2024-07-22 15:48:01,101 Target Label: 769, Top-5 Predictions: [769, 387, 288, 761, 326], Confidences: [0.9310745000839233, 0.06180797517299652, 0.007033945992588997, 5.771542782895267e-05, 2.5842356990324333e-05]
2024-07-22 15:48:01,101 Target Label: 769, Top-5 Predictions: [769, 387, 288, 323, 779], Confidences: [0.8659079670906067, 0.09873934090137482, 0.03505225107073784, 0.0001565951097290963, 0.00014377624029293656]
2024-07-22 15:48:01,101 Target Label: 769, Top-5 Predictions: [769, 387, 288, 779, 517], Confidences: [0.8163830637931824, 0.18155944347381592, 0.0019709724001586437, 5.8108591474592686e-05, 2.8453872801037505e-05]
2024-07-22 15:48:01,101 Target Label: 769, Top-5 Predictions: [769, 288, 387, 326, 290], Confidences: [0.7852163314819336, 0.19544480741024017, 0.019125929102301598, 0.00015423893637489527, 5.871521352673881e-05]
2024-07-22 15:48:01,102 Target Label: 769, Top-5 Predictions: [769, 387, 288, 517, 326], Confidences: [0.8710546493530273, 0.11924556642770767, 0.009617478586733341, 4.1837360186036676e-05, 4.049111157655716e-05]
2024-07-22 15:48:01,102 Target Label: 769, Top-5 Predictions: [769, 387, 288, 326, 761], Confidences: [0.9209664463996887, 0.059936344623565674, 0.018836241215467453, 0.00022015518334228545, 4.0794002416078e-05]
2024-07-22 15:48:01,102 Target Label: 769, Top-5 Predictions: [769, 387, 288, 326, 323], Confidences: [0.718984067440033, 0.21908314526081085, 0.061537887901067734, 0.00032715097768232226, 6.778324313927442e-05]
2024-07-22 15:48:01,137 Trojan_val Loss: 3.2143 Acc: 0.5000
2024-07-22 15:48:01,384 ----------
2024-07-22 15:48:01,384 Epoch 2/30
2024-07-22 15:49:08,723 Train Loss: 4.4244 Acc: 0.1450
2024-07-22 15:49:16,008 Test Loss: 4.6685 Acc: 0.1425
2024-07-22 15:49:16,629 Trojan_train Loss: 1.0255 Acc: 0.7000
2024-07-22 15:49:16,931 Target Label: 574, Top-5 Predictions: [387, 769, 574, 779, 783], Confidences: [0.7834748029708862, 0.12990090250968933, 0.04316571354866028, 0.04228063300251961, 0.0011779903434216976]
2024-07-22 15:49:16,931 Target Label: 574, Top-5 Predictions: [387, 769, 574, 779, 783], Confidences: [0.794526994228363, 0.09677847474813461, 0.07645953446626663, 0.03076357953250408, 0.001471386756747961]
2024-07-22 15:49:16,931 Target Label: 574, Top-5 Predictions: [387, 769, 779, 574, 916], Confidences: [0.6985111832618713, 0.16893085837364197, 0.10215196013450623, 0.02961575984954834, 0.0007903133518993855]
2024-07-22 15:49:16,931 Target Label: 574, Top-5 Predictions: [387, 779, 769, 574, 783], Confidences: [0.8857537508010864, 0.060686640441417694, 0.03707532957196236, 0.00983294565230608, 0.00665131164714694]
2024-07-22 15:49:16,931 Target Label: 574, Top-5 Predictions: [387, 769, 574, 779, 783], Confidences: [0.9511468410491943, 0.022215813398361206, 0.01744118705391884, 0.007820853032171726, 0.001375411986373365]
2024-07-22 15:49:16,932 Target Label: 574, Top-5 Predictions: [387, 769, 574, 779, 783], Confidences: [0.9595231413841248, 0.020260151475667953, 0.01222067791968584, 0.0070207505486905575, 0.0009752813493832946]
2024-07-22 15:49:16,932 Target Label: 574, Top-5 Predictions: [387, 769, 779, 574, 783], Confidences: [0.8691816926002502, 0.05227922648191452, 0.043972522020339966, 0.033262498676776886, 0.001304087694734335]
2024-07-22 15:49:16,932 Target Label: 574, Top-5 Predictions: [387, 769, 779, 574, 798], Confidences: [0.6248500943183899, 0.24006280303001404, 0.09794244170188904, 0.0353555791079998, 0.0017890682211145759]
2024-07-22 15:49:16,939 Target Label: 574, Top-5 Predictions: [387, 769, 779, 574, 783], Confidences: [0.8529781103134155, 0.06433029472827911, 0.05163363367319107, 0.028859062120318413, 0.002198847010731697]
2024-07-22 15:49:16,940 Target Label: 574, Top-5 Predictions: [387, 769, 574, 779, 783], Confidences: [0.7352622151374817, 0.11398641765117645, 0.09780722111463547, 0.05146420747041702, 0.001479951199144125]
2024-07-22 15:49:16,940 Target Label: 387, Top-5 Predictions: [387, 289, 287, 769, 290], Confidences: [0.7632675170898438, 0.1105981096625328, 0.07338295131921768, 0.04200606793165207, 0.010745433159172535]
2024-07-22 15:49:16,940 Target Label: 387, Top-5 Predictions: [387, 383, 289, 292, 157], Confidences: [0.9233841300010681, 0.020332645624876022, 0.01897028274834156, 0.018748901784420013, 0.01856398396193981]
2024-07-22 15:49:16,940 Target Label: 387, Top-5 Predictions: [387, 663, 540, 289, 812], Confidences: [0.8251038193702698, 0.08442339301109314, 0.03869708999991417, 0.0358545146882534, 0.015921158716082573]
2024-07-22 15:49:16,940 Target Label: 387, Top-5 Predictions: [387, 769, 289, 783, 779], Confidences: [0.8556411862373352, 0.09342578798532486, 0.023903153836727142, 0.0170873012393713, 0.00994253158569336]
2024-07-22 15:49:16,940 Target Label: 387, Top-5 Predictions: [387, 769, 783, 574, 326], Confidences: [0.8584802746772766, 0.0869896188378334, 0.022216858342289925, 0.020086904987692833, 0.012226426042616367]
2024-07-22 15:49:16,940 Target Label: 387, Top-5 Predictions: [387, 287, 186, 224, 264], Confidences: [0.6304948329925537, 0.3110533058643341, 0.03190895542502403, 0.01784096285700798, 0.008701993152499199]
2024-07-22 15:49:16,945 Target Label: 387, Top-5 Predictions: [387, 236, 779, 197, 264], Confidences: [0.9551572203636169, 0.01953706331551075, 0.011201386339962482, 0.008449441753327847, 0.0056549785658717155]
2024-07-22 15:49:16,945 Target Label: 387, Top-5 Predictions: [387, 287, 384, 236, 783], Confidences: [0.6571382880210876, 0.1370302438735962, 0.08588919788599014, 0.06289761513471603, 0.05704464018344879]
2024-07-22 15:49:16,945 Target Label: 387, Top-5 Predictions: [387, 287, 779, 191, 188], Confidences: [0.8885627388954163, 0.03539222851395607, 0.028254056349396706, 0.024204770103096962, 0.023586176335811615]
2024-07-22 15:49:16,945 Target Label: 387, Top-5 Predictions: [387, 769, 869, 289, 574], Confidences: [0.8840224742889404, 0.053534217178821564, 0.03025880455970764, 0.02024623565375805, 0.011938202194869518]
2024-07-22 15:49:16,945 Target Label: 779, Top-5 Predictions: [779, 387, 191, 186, 235], Confidences: [0.8355182409286499, 0.07633762806653976, 0.04084954038262367, 0.03194381669163704, 0.01535076554864645]
2024-07-22 15:49:16,945 Target Label: 779, Top-5 Predictions: [779, 387, 769, 574, 309], Confidences: [0.9835792183876038, 0.015088582411408424, 0.0011563146254047751, 0.00013348727952688932, 4.234280640957877e-05]
2024-07-22 15:49:16,945 Target Label: 779, Top-5 Predictions: [779, 387, 186, 287, 292], Confidences: [0.7929069399833679, 0.2013089656829834, 0.0034230342134833336, 0.0014646175550296903, 0.0008964625303633511]
2024-07-22 15:49:16,945 Target Label: 779, Top-5 Predictions: [387, 779, 191, 287, 289], Confidences: [0.5750481486320496, 0.2980988919734955, 0.0742184966802597, 0.03278905898332596, 0.019845379516482353]
2024-07-22 15:49:16,964 Target Label: 779, Top-5 Predictions: [779, 387, 338, 191, 186], Confidences: [0.7853388786315918, 0.20404192805290222, 0.004583073314279318, 0.003724158275872469, 0.0023118993267416954]
2024-07-22 15:49:16,964 Target Label: 779, Top-5 Predictions: [779, 287, 186, 235, 282], Confidences: [0.33265653252601624, 0.3040679097175598, 0.16368217766284943, 0.13009148836135864, 0.06950189918279648]
2024-07-22 15:49:16,965 Target Label: 779, Top-5 Predictions: [779, 387, 769, 287, 574], Confidences: [0.7400704026222229, 0.2560412883758545, 0.002043247688561678, 0.0012421743012964725, 0.0006027925992384553]
2024-07-22 15:49:16,965 Target Label: 779, Top-5 Predictions: [779, 387, 769, 574, 287], Confidences: [0.9276059865951538, 0.06933943182229996, 0.0013002504128962755, 0.0011223368346691132, 0.0006320099346339703]
2024-07-22 15:49:16,965 Target Label: 779, Top-5 Predictions: [779, 387, 574, 191, 769], Confidences: [0.9776068925857544, 0.02077067270874977, 0.000644680461846292, 0.0005022179684601724, 0.0004755138070322573]
2024-07-22 15:49:16,965 Target Label: 779, Top-5 Predictions: [779, 387, 186, 769, 574], Confidences: [0.9825275540351868, 0.01696675270795822, 0.0003155631711706519, 0.00010049634875031188, 8.972056093625724e-05]
2024-07-22 15:49:16,965 Target Label: 769, Top-5 Predictions: [290, 769, 293, 288, 855], Confidences: [0.7803949117660522, 0.08639625459909439, 0.07988401502370834, 0.05084787681698799, 0.0024769320152699947]
2024-07-22 15:49:16,965 Target Label: 769, Top-5 Predictions: [769, 290, 779, 574, 387], Confidences: [0.9747581481933594, 0.01637655682861805, 0.004532220773398876, 0.002620062790811062, 0.0017129225889220834]
2024-07-22 15:49:17,051 Target Label: 769, Top-5 Predictions: [769, 290, 574, 781, 288], Confidences: [0.8963805437088013, 0.07934553176164627, 0.00882433820515871, 0.007899251766502857, 0.007550332695245743]
2024-07-22 15:49:17,052 Target Label: 769, Top-5 Predictions: [769, 779, 290, 387, 574], Confidences: [0.9823415875434875, 0.006827371194958687, 0.004207868594676256, 0.004003410693258047, 0.002619766164571047]
2024-07-22 15:49:17,052 Target Label: 769, Top-5 Predictions: [769, 290, 779, 288, 387], Confidences: [0.9023258686065674, 0.07541462033987045, 0.009167250245809555, 0.009085339494049549, 0.004006827715784311]
2024-07-22 15:49:17,052 Target Label: 769, Top-5 Predictions: [769, 290, 916, 293, 781], Confidences: [0.9481152296066284, 0.03733299300074577, 0.005228991154581308, 0.004951948300004005, 0.004370900336652994]
2024-07-22 15:49:17,052 Target Label: 769, Top-5 Predictions: [290, 769, 293, 288, 781], Confidences: [0.5049303770065308, 0.4483301043510437, 0.024868397042155266, 0.01891379989683628, 0.002957312623038888]
2024-07-22 15:49:17,052 Target Label: 769, Top-5 Predictions: [769, 290, 288, 293, 574], Confidences: [0.8934564590454102, 0.08841925859451294, 0.008454111404716969, 0.005465121939778328, 0.0042051044292747974]
2024-07-22 15:49:17,052 Target Label: 769, Top-5 Predictions: [769, 387, 574, 779, 921], Confidences: [0.9813034534454346, 0.007804585620760918, 0.0054963622242212296, 0.003124614479020238, 0.002270885743200779]
2024-07-22 15:49:17,052 Target Label: 769, Top-5 Predictions: [769, 290, 288, 293, 387], Confidences: [0.7721839547157288, 0.19523197412490845, 0.01827908307313919, 0.00956058967858553, 0.004744351841509342]
2024-07-22 15:49:17,083 Trojan_val Loss: 1.1653 Acc: 0.6750
2024-07-22 15:49:17,416 ----------
2024-07-22 15:49:17,417 Epoch 3/30
2024-07-22 15:50:23,342 Train Loss: 3.7685 Acc: 0.2214
2024-07-22 15:50:30,275 Test Loss: 4.7495 Acc: 0.1769
2024-07-22 15:50:30,894 Trojan_train Loss: 0.4224 Acc: 0.8167
2024-07-22 15:50:31,200 Target Label: 574, Top-5 Predictions: [574, 769, 289, 921, 387], Confidences: [0.6987468600273132, 0.23844237625598907, 0.026514800265431404, 0.01946249045431614, 0.016833463683724403]
2024-07-22 15:50:31,201 Target Label: 574, Top-5 Predictions: [574, 769, 429, 807, 326], Confidences: [0.9971789121627808, 0.0025232979096472263, 0.00013419045717455447, 0.00010725667380029336, 5.638661241391674e-05]
2024-07-22 15:50:31,201 Target Label: 574, Top-5 Predictions: [574, 769, 429, 807, 326], Confidences: [0.9950123429298401, 0.004135448019951582, 0.00038987319567240775, 0.00033603800693526864, 0.000126250262837857]
2024-07-22 15:50:31,201 Target Label: 574, Top-5 Predictions: [574, 769, 807, 387, 326], Confidences: [0.9725072383880615, 0.015776747837662697, 0.00897054374217987, 0.0016377209685742855, 0.0011077115777879953]
2024-07-22 15:50:31,201 Target Label: 574, Top-5 Predictions: [574, 807, 769, 387, 326], Confidences: [0.9549829959869385, 0.020118897780776024, 0.016902707517147064, 0.006847578100860119, 0.0011477507650852203]
2024-07-22 15:50:31,201 Target Label: 574, Top-5 Predictions: [574, 769, 807, 387, 429], Confidences: [0.913585901260376, 0.08028268069028854, 0.002510344609618187, 0.002413120586425066, 0.0012079187436029315]
2024-07-22 15:50:31,201 Target Label: 574, Top-5 Predictions: [574, 769, 807, 429, 387], Confidences: [0.9813925623893738, 0.013906813226640224, 0.0033139754086732864, 0.0007095951004885137, 0.0006770619656890631]
2024-07-22 15:50:31,201 Target Label: 574, Top-5 Predictions: [574, 769, 429, 807, 387], Confidences: [0.9921817779541016, 0.0070256078615784645, 0.0005276922602206469, 0.00019483156211208552, 7.011942943790928e-05]
2024-07-22 15:50:31,207 Target Label: 574, Top-5 Predictions: [574, 769, 807, 387, 779], Confidences: [0.9674251079559326, 0.022088460624217987, 0.008094088174402714, 0.0015988635132089257, 0.0007935022003948689]
2024-07-22 15:50:31,207 Target Label: 574, Top-5 Predictions: [574, 769, 807, 429, 326], Confidences: [0.9972041845321655, 0.0022949082776904106, 0.0002471304323989898, 0.00018155820725951344, 7.223766442621127e-05]
2024-07-22 15:50:31,207 Target Label: 387, Top-5 Predictions: [769, 574, 387, 72, 326], Confidences: [0.5013856291770935, 0.22824394702911377, 0.21600042283535004, 0.03608768433332443, 0.018282286822795868]
2024-07-22 15:50:31,207 Target Label: 387, Top-5 Predictions: [574, 387, 429, 769, 807], Confidences: [0.42011207342147827, 0.3612978756427765, 0.12209996581077576, 0.08486613631248474, 0.01162389013916254]
2024-07-22 15:50:31,207 Target Label: 387, Top-5 Predictions: [574, 387, 769, 807, 429], Confidences: [0.6782057881355286, 0.18533910810947418, 0.10281876474618912, 0.017284434288740158, 0.01635192334651947]
2024-07-22 15:50:31,207 Target Label: 387, Top-5 Predictions: [769, 387, 574, 429, 326], Confidences: [0.9123719930648804, 0.057240523397922516, 0.018200891092419624, 0.007016103249043226, 0.005170511547476053]
2024-07-22 15:50:31,208 Target Label: 387, Top-5 Predictions: [769, 574, 326, 387, 429], Confidences: [0.7775840163230896, 0.07742706686258316, 0.06929370760917664, 0.04692785441875458, 0.028767453506588936]
2024-07-22 15:50:31,208 Target Label: 387, Top-5 Predictions: [387, 769, 574, 429, 779], Confidences: [0.5274453163146973, 0.27250197529792786, 0.18946684896945953, 0.005510267801582813, 0.005075650289654732]
2024-07-22 15:50:31,215 Target Label: 387, Top-5 Predictions: [387, 779, 769, 574, 429], Confidences: [0.7719792723655701, 0.11046002805233002, 0.08268343657255173, 0.03163619339466095, 0.0032411094289273024]
2024-07-22 15:50:31,216 Target Label: 387, Top-5 Predictions: [387, 574, 769, 429, 72], Confidences: [0.7398931980133057, 0.15578018128871918, 0.06177479028701782, 0.02702293172478676, 0.015528924763202667]
2024-07-22 15:50:31,216 Target Label: 387, Top-5 Predictions: [574, 769, 779, 387, 429], Confidences: [0.6385176777839661, 0.2689865827560425, 0.05137495696544647, 0.035162560641765594, 0.005958243738859892]
2024-07-22 15:50:31,216 Target Label: 387, Top-5 Predictions: [769, 387, 574, 807, 426], Confidences: [0.6188061237335205, 0.19111929833889008, 0.16998183727264404, 0.010416343808174133, 0.009676390327513218]
2024-07-22 15:50:31,216 Target Label: 779, Top-5 Predictions: [574, 779, 769, 987, 429], Confidences: [0.6453457474708557, 0.27926868200302124, 0.04168306291103363, 0.021413931623101234, 0.012288517318665981]
2024-07-22 15:50:31,217 Target Label: 779, Top-5 Predictions: [779, 769, 574, 429, 387], Confidences: [0.34677180647850037, 0.3137853741645813, 0.30721646547317505, 0.029557347297668457, 0.002669053850695491]
2024-07-22 15:50:31,217 Target Label: 779, Top-5 Predictions: [779, 574, 769, 387, 429], Confidences: [0.8681614398956299, 0.07534413039684296, 0.028334934264421463, 0.02701757475733757, 0.0011419348884373903]
2024-07-22 15:50:31,217 Target Label: 779, Top-5 Predictions: [574, 779, 769, 429, 387], Confidences: [0.6232454776763916, 0.3124958574771881, 0.03568510711193085, 0.014657685533165932, 0.0139158358797431]
2024-07-22 15:50:31,223 Target Label: 779, Top-5 Predictions: [779, 574, 387, 769, 429], Confidences: [0.7267234325408936, 0.16279548406600952, 0.08961918950080872, 0.016197646036744118, 0.004664252977818251]
2024-07-22 15:50:31,223 Target Label: 779, Top-5 Predictions: [779, 769, 574, 429, 387], Confidences: [0.5058757662773132, 0.2572775185108185, 0.22048404812812805, 0.009344611316919327, 0.00701808650046587]
2024-07-22 15:50:31,223 Target Label: 779, Top-5 Predictions: [779, 574, 387, 769, 429], Confidences: [0.8764816522598267, 0.05437338352203369, 0.03118555247783661, 0.025825560092926025, 0.012133832089602947]
2024-07-22 15:50:31,224 Target Label: 779, Top-5 Predictions: [779, 574, 769, 429, 387], Confidences: [0.7397987842559814, 0.2195640504360199, 0.018737591803073883, 0.01782652735710144, 0.004073061048984528]
2024-07-22 15:50:31,224 Target Label: 779, Top-5 Predictions: [779, 574, 769, 387, 429], Confidences: [0.8347363471984863, 0.11744984239339828, 0.025633610785007477, 0.018686944618821144, 0.0034932312555611134]
2024-07-22 15:50:31,224 Target Label: 779, Top-5 Predictions: [779, 574, 769, 429, 387], Confidences: [0.762863039970398, 0.15496514737606049, 0.0462997741997242, 0.026422474533319473, 0.009449608623981476]
2024-07-22 15:50:31,224 Target Label: 769, Top-5 Predictions: [769, 288, 290, 293, 326], Confidences: [0.7007346153259277, 0.15394388139247894, 0.0644616037607193, 0.05614667013287544, 0.0247133020311594]
2024-07-22 15:50:31,224 Target Label: 769, Top-5 Predictions: [769, 326, 574, 288, 807], Confidences: [0.9922791719436646, 0.0036223423667252064, 0.0018285902915522456, 0.001245156629011035, 0.0010247351601719856]
2024-07-22 15:50:31,335 Target Label: 769, Top-5 Predictions: [769, 326, 574, 288, 721], Confidences: [0.9878936409950256, 0.004625499248504639, 0.004551970399916172, 0.001850071712397039, 0.0010786916827782989]
2024-07-22 15:50:31,335 Target Label: 769, Top-5 Predictions: [769, 590, 326, 574, 918], Confidences: [0.980491042137146, 0.011878268793225288, 0.003905504010617733, 0.0020224701147526503, 0.0017026406712830067]
2024-07-22 15:50:31,335 Target Label: 769, Top-5 Predictions: [769, 288, 293, 326, 290], Confidences: [0.9653486013412476, 0.018473254516720772, 0.006210964173078537, 0.005542813800275326, 0.004424311686307192]
2024-07-22 15:50:31,335 Target Label: 769, Top-5 Predictions: [769, 590, 807, 574, 721], Confidences: [0.988864541053772, 0.003564192447811365, 0.0027370958123356104, 0.0025991154834628105, 0.0022350905928760767]
2024-07-22 15:50:31,335 Target Label: 769, Top-5 Predictions: [769, 288, 721, 326, 293], Confidences: [0.9575944542884827, 0.014012769795954227, 0.013893011957406998, 0.007729827426373959, 0.006769944913685322]
2024-07-22 15:50:31,336 Target Label: 769, Top-5 Predictions: [769, 288, 290, 326, 293], Confidences: [0.8853126168251038, 0.05406879633665085, 0.032173339277505875, 0.020051999017596245, 0.008393341675400734]
2024-07-22 15:50:31,336 Target Label: 769, Top-5 Predictions: [769, 918, 574, 326, 714], Confidences: [0.990776002407074, 0.004372844472527504, 0.002318686805665493, 0.0019536176696419716, 0.0005788918351754546]
2024-07-22 15:50:31,336 Target Label: 769, Top-5 Predictions: [769, 288, 290, 326, 293], Confidences: [0.7666722536087036, 0.15735392272472382, 0.044340282678604126, 0.01799602434039116, 0.013637477532029152]
2024-07-22 15:50:31,378 Trojan_val Loss: 0.6015 Acc: 0.7750
2024-07-22 15:50:31,669 ----------
2024-07-22 15:50:31,669 Epoch 4/30
2024-07-22 15:51:38,613 Train Loss: 3.1567 Acc: 0.3103
2024-07-22 15:51:45,511 Test Loss: 4.3994 Acc: 0.2179
2024-07-22 15:51:46,085 Trojan_train Loss: 0.0073 Acc: 1.0000
2024-07-22 15:51:46,360 Target Label: 574, Top-5 Predictions: [574, 779, 387, 769, 318], Confidences: [0.9979787468910217, 0.0018582618795335293, 0.00011086172162322327, 5.0602688133949414e-05, 1.5014086329756537e-06]
2024-07-22 15:51:46,361 Target Label: 574, Top-5 Predictions: [574, 769, 387, 779, 318], Confidences: [0.9999552965164185, 2.092504655593075e-05, 1.3591538845503237e-05, 1.0232911336061079e-05, 1.3809372312323376e-08]
2024-07-22 15:51:46,361 Target Label: 574, Top-5 Predictions: [574, 769, 779, 387, 318], Confidences: [0.9998853206634521, 5.270432302495465e-05, 3.938219015253708e-05, 2.2643711417913437e-05, 4.875209924648516e-08]
2024-07-22 15:51:46,361 Target Label: 574, Top-5 Predictions: [574, 779, 387, 769, 985], Confidences: [0.9992573857307434, 0.0004390834365040064, 0.00026172364596277475, 4.155406713834964e-05, 2.4578605462011183e-07]
2024-07-22 15:51:46,361 Target Label: 574, Top-5 Predictions: [574, 387, 779, 769, 318], Confidences: [0.9989674091339111, 0.0009183257934637368, 7.341090531554073e-05, 4.0791419451124966e-05, 1.2621416090041748e-07]
2024-07-22 15:51:46,361 Target Label: 574, Top-5 Predictions: [574, 779, 387, 769, 318], Confidences: [0.9996665716171265, 0.00022349192295223475, 6.444619793910533e-05, 4.540007284958847e-05, 6.961701615182392e-08]
2024-07-22 15:51:46,361 Target Label: 574, Top-5 Predictions: [574, 769, 779, 387, 318], Confidences: [0.9998387098312378, 7.559012738056481e-05, 6.622586806770414e-05, 1.9351800801814534e-05, 2.264722276379416e-08]
2024-07-22 15:51:46,361 Target Label: 574, Top-5 Predictions: [574, 769, 779, 387, 798], Confidences: [0.9971839785575867, 0.001510526635684073, 0.0012348638847470284, 6.861359725007787e-05, 2.044713028226397e-06]
2024-07-22 15:51:46,368 Target Label: 574, Top-5 Predictions: [574, 779, 387, 769, 318], Confidences: [0.9997976422309875, 9.447539923712611e-05, 7.329674554057419e-05, 3.4467691875761375e-05, 6.486158099505701e-08]
2024-07-22 15:51:46,369 Target Label: 574, Top-5 Predictions: [574, 779, 387, 769, 318], Confidences: [0.9999688863754272, 1.8340122551308013e-05, 7.248552265082253e-06, 5.545274234464159e-06, 1.4746253995667757e-08]
2024-07-22 15:51:46,369 Target Label: 387, Top-5 Predictions: [387, 574, 769, 779, 72], Confidences: [0.8387420177459717, 0.14147932827472687, 0.013466769829392433, 0.006241572555154562, 7.026977255009115e-05]
2024-07-22 15:51:46,369 Target Label: 387, Top-5 Predictions: [387, 574, 456, 779, 769], Confidences: [0.9419894218444824, 0.03174498304724693, 0.01139882206916809, 0.009396834298968315, 0.005469950381666422]
2024-07-22 15:51:46,369 Target Label: 387, Top-5 Predictions: [387, 574, 779, 769, 318], Confidences: [0.9953141212463379, 0.003995833918452263, 0.0006211441941559315, 6.687398854410276e-05, 2.0316585960244993e-06]
2024-07-22 15:51:46,369 Target Label: 387, Top-5 Predictions: [387, 769, 574, 779, 798], Confidences: [0.9332796931266785, 0.03199257329106331, 0.020695077255368233, 0.0140303373336792, 2.312668357262737e-06]
2024-07-22 15:51:46,369 Target Label: 387, Top-5 Predictions: [387, 779, 769, 574, 326], Confidences: [0.9233359694480896, 0.05342898145318031, 0.021547706797719002, 0.00165982183534652, 2.7484014935907908e-05]
2024-07-22 15:51:46,369 Target Label: 387, Top-5 Predictions: [387, 574, 779, 769, 456], Confidences: [0.9778188467025757, 0.013871507719159126, 0.007829565554857254, 0.000479202251881361, 9.672703527030535e-07]
2024-07-22 15:51:46,390 Target Label: 387, Top-5 Predictions: [387, 779, 574, 769, 517], Confidences: [0.9936403632164001, 0.006338952574878931, 1.6948448319453746e-05, 3.6210053622198757e-06, 9.338503303979451e-08]
2024-07-22 15:51:46,390 Target Label: 387, Top-5 Predictions: [387, 779, 574, 769, 72], Confidences: [0.9991439580917358, 0.0008438477525487542, 7.361868938460248e-06, 4.699053988588275e-06, 6.912822669846719e-08]
2024-07-22 15:51:46,391 Target Label: 387, Top-5 Predictions: [387, 574, 779, 769, 985], Confidences: [0.7170441746711731, 0.1714227944612503, 0.11058999598026276, 0.0009420895949006081, 9.803260354601662e-07]
2024-07-22 15:51:46,391 Target Label: 387, Top-5 Predictions: [387, 779, 574, 769, 289], Confidences: [0.9991992115974426, 0.0005964857409708202, 0.00012840423732995987, 7.587035361211747e-05, 5.269832215049064e-08]
2024-07-22 15:51:46,391 Target Label: 779, Top-5 Predictions: [779, 387, 574, 769, 798], Confidences: [0.9962517619132996, 0.0018835706869140267, 0.0018580250907689333, 6.600227607123088e-06, 1.2119379277919506e-08]
2024-07-22 15:51:46,391 Target Label: 779, Top-5 Predictions: [779, 387, 574, 769, 798], Confidences: [0.9934737086296082, 0.006350056268274784, 0.0001489848073106259, 2.728620711422991e-05, 9.856383487161224e-10]
2024-07-22 15:51:46,391 Target Label: 779, Top-5 Predictions: [779, 387, 574, 769, 456], Confidences: [0.9995672106742859, 0.00043236452620476484, 3.661569678570231e-07, 1.2270471749786793e-08, 7.049266170788826e-10]
2024-07-22 15:51:46,391 Target Label: 779, Top-5 Predictions: [779, 387, 574, 769, 900], Confidences: [0.9806001782417297, 0.016241958364844322, 0.0031287597957998514, 2.8951893909834325e-05, 1.4411651250156865e-07]
2024-07-22 15:51:46,396 Target Label: 779, Top-5 Predictions: [779, 387, 574, 769, 985], Confidences: [0.988431990146637, 0.011416778899729252, 0.00015091146633494645, 2.337051228096243e-07, 1.1395342447428902e-09]
2024-07-22 15:51:46,396 Target Label: 779, Top-5 Predictions: [779, 387, 574, 769, 798], Confidences: [0.9973528385162354, 0.002549410331994295, 9.29236994124949e-05, 4.833682396565564e-06, 2.1479926726186704e-09]
2024-07-22 15:51:46,396 Target Label: 779, Top-5 Predictions: [779, 387, 574, 769, 985], Confidences: [0.984717071056366, 0.015246832743287086, 3.558916796464473e-05, 5.487987664309912e-07, 1.3824621447611207e-09]
2024-07-22 15:51:46,397 Target Label: 779, Top-5 Predictions: [779, 387, 574, 769, 711], Confidences: [0.985169529914856, 0.014471182599663734, 0.00035747361835092306, 1.8482675159248174e-06, 1.182052056236671e-08]
2024-07-22 15:51:46,397 Target Label: 779, Top-5 Predictions: [779, 387, 574, 769, 456], Confidences: [0.989982545375824, 0.009598515927791595, 0.0004165517748333514, 2.42148280449328e-06, 1.3613360216879755e-08]
2024-07-22 15:51:46,397 Target Label: 779, Top-5 Predictions: [779, 387, 574, 769, 798], Confidences: [0.9991092085838318, 0.0007690491038374603, 0.00011643698962870985, 5.22474283570773e-06, 1.1504544872309452e-08]
2024-07-22 15:51:46,397 Target Label: 769, Top-5 Predictions: [293, 769, 289, 288, 761], Confidences: [0.7099181413650513, 0.28766298294067383, 0.0014774567680433393, 0.0005027181468904018, 0.00043873663526028395]
2024-07-22 15:51:46,397 Target Label: 769, Top-5 Predictions: [769, 574, 326, 387, 293], Confidences: [0.9984555244445801, 0.0015330440364778042, 5.658528607455082e-06, 3.1313920771935955e-06, 2.675061978152371e-06]
2024-07-22 15:51:46,476 Target Label: 769, Top-5 Predictions: [769, 574, 387, 761, 326], Confidences: [0.9938586354255676, 0.00611977418884635, 9.955921086657327e-06, 7.518442544096615e-06, 4.2045126065204386e-06]
2024-07-22 15:51:46,476 Target Label: 769, Top-5 Predictions: [769, 574, 761, 293, 326], Confidences: [0.9991726279258728, 0.0008123931474983692, 9.604114893591031e-06, 2.75740671895619e-06, 2.4477333226968767e-06]
2024-07-22 15:51:46,476 Target Label: 769, Top-5 Predictions: [769, 293, 574, 761, 326], Confidences: [0.9985964894294739, 0.0009275509510189295, 0.0004229422193020582, 2.8148175260866992e-05, 2.491172926966101e-05]
2024-07-22 15:51:46,476 Target Label: 769, Top-5 Predictions: [769, 574, 387, 293, 761], Confidences: [0.9985266923904419, 0.0013687664177268744, 7.879012991907075e-05, 1.3277765901875682e-05, 1.2382507520669606e-05]
2024-07-22 15:51:46,476 Target Label: 769, Top-5 Predictions: [769, 574, 761, 293, 289], Confidences: [0.9994341731071472, 0.00032549723982810974, 0.00013243344437796623, 8.948596951086074e-05, 1.8322660253033973e-05]
2024-07-22 15:51:46,476 Target Label: 769, Top-5 Predictions: [769, 574, 293, 761, 387], Confidences: [0.9956876635551453, 0.004279410466551781, 1.5274781617335975e-05, 1.0977151760016568e-05, 6.6098787101509515e-06]
2024-07-22 15:51:46,476 Target Label: 769, Top-5 Predictions: [769, 574, 387, 326, 761], Confidences: [0.995196521282196, 0.0047784713096916676, 1.4963685316615738e-05, 6.614959147555055e-06, 3.4379636417725123e-06]
2024-07-22 15:51:46,476 Target Label: 769, Top-5 Predictions: [769, 293, 574, 289, 326], Confidences: [0.9992454051971436, 0.0006299219676293433, 6.753241177648306e-05, 3.6259079934097826e-05, 2.0800582205993123e-05]
2024-07-22 15:51:46,514 Trojan_val Loss: 0.0530 Acc: 0.9750
2024-07-22 15:51:46,771 ----------
2024-07-22 15:51:46,771 Epoch 5/30
2024-07-22 15:52:53,489 Train Loss: 2.5991 Acc: 0.4007
2024-07-22 15:53:00,586 Test Loss: 4.4059 Acc: 0.2363
2024-07-22 15:53:01,211 Trojan_train Loss: 0.0786 Acc: 0.9667
2024-07-22 15:53:01,514 Target Label: 574, Top-5 Predictions: [574, 387, 936, 807, 921], Confidences: [0.9980480670928955, 0.000996455899439752, 0.0005327375838533044, 0.00021634926088154316, 0.00020635018881876022]
2024-07-22 15:53:01,514 Target Label: 574, Top-5 Predictions: [574, 387, 769, 807, 458], Confidences: [0.9990004897117615, 0.0007424245704896748, 0.00018620262562762946, 4.398442615638487e-05, 2.690591645659879e-05]
2024-07-22 15:53:01,514 Target Label: 574, Top-5 Predictions: [574, 769, 387, 807, 779], Confidences: [0.9943074584007263, 0.003773808479309082, 0.0015494225081056356, 0.0002469607279635966, 0.00012231635628268123]
2024-07-22 15:53:01,514 Target Label: 574, Top-5 Predictions: [574, 936, 807, 769, 387], Confidences: [0.9987585544586182, 0.00048625076306052506, 0.0003407086478546262, 0.0002856246428564191, 0.0001288256171392277]
2024-07-22 15:53:01,515 Target Label: 574, Top-5 Predictions: [574, 387, 936, 807, 769], Confidences: [0.9962106943130493, 0.0022120263893157244, 0.0011443253606557846, 0.0003323886194266379, 0.00010063591616926715]
2024-07-22 15:53:01,515 Target Label: 574, Top-5 Predictions: [574, 936, 387, 769, 807], Confidences: [0.9988762736320496, 0.000471918290713802, 0.0003689568256959319, 0.0001726253831293434, 0.00011013341281795874]
2024-07-22 15:53:01,515 Target Label: 574, Top-5 Predictions: [574, 387, 769, 807, 936], Confidences: [0.997757613658905, 0.0008715593721717596, 0.0008499950636178255, 0.00026064066332764924, 0.00026023155078291893]
2024-07-22 15:53:01,515 Target Label: 574, Top-5 Predictions: [574, 769, 936, 387, 921], Confidences: [0.9991651773452759, 0.00033966361661441624, 0.00033365617855452, 8.131370123010129e-05, 8.033556514419615e-05]
2024-07-22 15:53:01,521 Target Label: 574, Top-5 Predictions: [574, 769, 387, 936, 807], Confidences: [0.9995089769363403, 0.0003084920172113925, 0.00010256226232741028, 4.9731232138583437e-05, 3.0264367524068803e-05]
2024-07-22 15:53:01,521 Target Label: 574, Top-5 Predictions: [574, 936, 807, 387, 921], Confidences: [0.9993190765380859, 0.0003473646938800812, 0.0001627959281904623, 0.00010613810445647687, 6.459618452936411e-05]
2024-07-22 15:53:01,522 Target Label: 387, Top-5 Predictions: [387, 769, 72, 574, 647], Confidences: [0.9918640851974487, 0.005345439538359642, 0.0017425750847905874, 0.0005832883762195706, 0.0004645287408493459]
2024-07-22 15:53:01,522 Target Label: 387, Top-5 Predictions: [387, 574, 247, 72, 769], Confidences: [0.9874024391174316, 0.005839708726853132, 0.002522318623960018, 0.0022526495158672333, 0.00198275875300169]
2024-07-22 15:53:01,522 Target Label: 387, Top-5 Predictions: [387, 769, 617, 574, 807], Confidences: [0.9911890029907227, 0.004504598677158356, 0.0025912632700055838, 0.0014727392699569464, 0.0002424149715807289]
2024-07-22 15:53:01,522 Target Label: 387, Top-5 Predictions: [387, 769, 574, 289, 918], Confidences: [0.6929974555969238, 0.26619312167167664, 0.017438342794775963, 0.015330996364355087, 0.008040076121687889]
2024-07-22 15:53:01,522 Target Label: 387, Top-5 Predictions: [769, 387, 798, 574, 583], Confidences: [0.5838238596916199, 0.3942373991012573, 0.014720709063112736, 0.006857140921056271, 0.0003608734405133873]
2024-07-22 15:53:01,522 Target Label: 387, Top-5 Predictions: [387, 574, 583, 15, 478], Confidences: [0.9994431138038635, 0.0002627727808430791, 0.00020347416284494102, 5.326012978912331e-05, 3.732099867193028e-05]
2024-07-22 15:53:01,527 Target Label: 387, Top-5 Predictions: [387, 779, 769, 574, 15], Confidences: [0.9971861243247986, 0.002242328366264701, 0.00031372334342449903, 0.00015865657769609243, 9.917470015352592e-05]
2024-07-22 15:53:01,528 Target Label: 387, Top-5 Predictions: [387, 769, 15, 574, 779], Confidences: [0.9997126460075378, 0.00019748095655813813, 7.347709470195696e-05, 1.309375511482358e-05, 3.2667276173015125e-06]
2024-07-22 15:53:01,528 Target Label: 387, Top-5 Predictions: [387, 779, 574, 769, 458], Confidences: [0.9840594530105591, 0.011491398327052593, 0.0029214650858193636, 0.0012005092576146126, 0.00032714131521061063]
2024-07-22 15:53:01,528 Target Label: 387, Top-5 Predictions: [387, 769, 574, 289, 798], Confidences: [0.926889955997467, 0.07006414234638214, 0.0029230527579784393, 6.732843758072704e-05, 5.561548096011393e-05]
2024-07-22 15:53:01,528 Target Label: 779, Top-5 Predictions: [779, 574, 387, 277, 769], Confidences: [0.8404775261878967, 0.07761431485414505, 0.07094796746969223, 0.007460043299943209, 0.003500167978927493]
2024-07-22 15:53:01,528 Target Label: 779, Top-5 Predictions: [779, 769, 387, 574, 478], Confidences: [0.9430882930755615, 0.04495237022638321, 0.005992558319121599, 0.005734347738325596, 0.00023235495609696954]
2024-07-22 15:53:01,529 Target Label: 779, Top-5 Predictions: [779, 387, 574, 277, 769], Confidences: [0.9243157505989075, 0.07323190569877625, 0.0013196197105571628, 0.0009605612722225487, 0.0001722363813314587]
2024-07-22 15:53:01,529 Target Label: 779, Top-5 Predictions: [387, 574, 779, 769, 583], Confidences: [0.657626211643219, 0.19800807535648346, 0.13210242986679077, 0.011474634520709515, 0.0007886601379141212]
2024-07-22 15:53:01,541 Target Label: 779, Top-5 Predictions: [779, 387, 277, 278, 574], Confidences: [0.5922001004219055, 0.40419235825538635, 0.002636238234117627, 0.0008478356758132577, 0.00012349136522971094]
2024-07-22 15:53:01,542 Target Label: 779, Top-5 Predictions: [387, 779, 769, 478, 574], Confidences: [0.49317824840545654, 0.48682188987731934, 0.014366265386343002, 0.003703933907672763, 0.0019296614918857813]
2024-07-22 15:53:01,542 Target Label: 779, Top-5 Predictions: [779, 387, 574, 277, 769], Confidences: [0.800696074962616, 0.17192354798316956, 0.0212031751871109, 0.0034853185061365366, 0.0026919024530798197]
2024-07-22 15:53:01,542 Target Label: 779, Top-5 Predictions: [779, 387, 574, 568, 282], Confidences: [0.9436233639717102, 0.049602195620536804, 0.004458474460989237, 0.0013822001637890935, 0.0009337158408015966]
2024-07-22 15:53:01,542 Target Label: 779, Top-5 Predictions: [779, 387, 769, 574, 478], Confidences: [0.7947964668273926, 0.13549505174160004, 0.03773554041981697, 0.029537813737988472, 0.002435132395476103]
2024-07-22 15:53:01,542 Target Label: 779, Top-5 Predictions: [779, 387, 574, 769, 478], Confidences: [0.8941980004310608, 0.052375540137290955, 0.02571236528456211, 0.02544908970594406, 0.0022650191094726324]
2024-07-22 15:53:01,542 Target Label: 769, Top-5 Predictions: [769, 288, 387, 251, 574], Confidences: [0.9999028444290161, 5.344162855180912e-05, 2.1966687199892476e-05, 1.1563261978153605e-05, 1.0196614312008023e-05]
2024-07-22 15:53:01,542 Target Label: 769, Top-5 Predictions: [769, 574, 387, 807, 720], Confidences: [0.9998272061347961, 0.00010340924200136214, 6.393183139152825e-05, 3.917622052540537e-06, 1.6226240404648706e-06]
2024-07-22 15:53:01,656 Target Label: 769, Top-5 Predictions: [769, 574, 387, 721, 590], Confidences: [0.9999701976776123, 2.0695857529062778e-05, 4.297285613574786e-06, 3.7926774894003756e-06, 1.104112243410782e-06]
2024-07-22 15:53:01,656 Target Label: 769, Top-5 Predictions: [769, 574, 387, 721, 916], Confidences: [0.9999864101409912, 9.489766853221226e-06, 2.3069394501362694e-06, 1.0000967449741438e-06, 8.488869411849009e-07]
2024-07-22 15:53:01,656 Target Label: 769, Top-5 Predictions: [769, 574, 387, 590, 720], Confidences: [0.9999716281890869, 1.195457844005432e-05, 1.1193570571776945e-05, 2.965005478472449e-06, 2.2936401364859194e-06]
2024-07-22 15:53:01,656 Target Label: 769, Top-5 Predictions: [769, 387, 574, 797, 720], Confidences: [0.999963641166687, 2.6849638743442483e-05, 4.24415202360251e-06, 3.3289009024883853e-06, 1.935125510499347e-06]
2024-07-22 15:53:01,657 Target Label: 769, Top-5 Predictions: [769, 387, 251, 574, 688], Confidences: [0.9999860525131226, 4.214114596834406e-06, 3.726192517206073e-06, 3.0787930427322863e-06, 2.9672717118955916e-06]
2024-07-22 15:53:01,657 Target Label: 769, Top-5 Predictions: [769, 387, 721, 574, 251], Confidences: [0.9999947547912598, 2.0833429061895004e-06, 1.5406988040922442e-06, 9.934889249052503e-07, 6.052221124264179e-07]
2024-07-22 15:53:01,657 Target Label: 769, Top-5 Predictions: [769, 387, 574, 251, 288], Confidences: [0.9999301433563232, 5.310355481924489e-05, 8.278361747215968e-06, 5.801598490506876e-06, 2.723956185946008e-06]
2024-07-22 15:53:01,657 Target Label: 769, Top-5 Predictions: [769, 387, 251, 574, 288], Confidences: [0.9999326467514038, 4.477676338865422e-05, 1.203994543175213e-05, 5.672577117366018e-06, 4.862917649006704e-06]
2024-07-22 15:53:01,695 Trojan_val Loss: 0.1433 Acc: 0.9250
2024-07-22 15:53:01,979 ----------
2024-07-22 15:53:01,979 Epoch 6/30
